<?xml version="1.0" encoding="UTF-8"?>
<testsuite name="powerpackage.powerfinderTest" tests="4" skipped="0" failures="0" errors="0" timestamp="2022-03-10T11:21:49" hostname="Baraths-MacBook-Air.local" time="0.013">
  <properties/>
  <testcase name="power_of_2_and_3_Is_SIX" classname="powerpackage.powerfinderTest" time="0.008"/>
  <testcase name="two_power_2_is_4" classname="powerpackage.powerfinderTest" time="0.0"/>
  <testcase name="one_raised_to_one_is_onew" classname="powerpackage.powerfinderTest" time="0.001"/>
  <testcase name="twoRaised_to_one_is_2" classname="powerpackage.powerfinderTest" time="0.0"/>
  <system-out><![CDATA[]]></system-out>
  <system-err><![CDATA[]]></system-err>
</testsuite>
