<?xml version="1.0" encoding="UTF-8"?>
<testsuite name="PowerFinderTest" tests="4" skipped="0" failures="0" errors="0" timestamp="2022-03-12T06:49:05" hostname="Baraths-MacBook-Air.local" time="0.006">
  <properties/>
  <testcase name="one_power_one_is_one" classname="PowerFinderTest" time="0.005"/>
  <testcase name="two_power_two_is_four" classname="PowerFinderTest" time="0.0"/>
  <testcase name="two_power_one_is_two" classname="PowerFinderTest" time="0.0"/>
  <testcase name="three_power_two_is_six" classname="PowerFinderTest" time="0.0"/>
  <system-out><![CDATA[]]></system-out>
  <system-err><![CDATA[]]></system-err>
</testsuite>
