<?xml version="1.0" encoding="UTF-8"?>
<testsuite name="powerfinderTest" tests="4" skipped="0" failures="0" errors="0" timestamp="2022-03-10T11:33:20" hostname="Baraths-MacBook-Air.local" time="0.003">
  <properties/>
  <testcase name="two_power_2_is_4" classname="powerfinderTest" time="0.002"/>
  <testcase name="one_raised_to_one_is_onew" classname="powerfinderTest" time="0.0"/>
  <testcase name="twoRaised_to_one_is_2" classname="powerfinderTest" time="0.0"/>
  <testcase name="power_calculation_2_and_3_Is_SIX" classname="powerfinderTest" time="0.0"/>
  <system-out><![CDATA[]]></system-out>
  <system-err><![CDATA[]]></system-err>
</testsuite>
