<?xml version="1.0" encoding="UTF-8"?>
<testsuite name="powerfinderTest" tests="4" skipped="0" failures="0" errors="0" timestamp="2022-03-10T11:37:29" hostname="Baraths-MacBook-Air.local" time="0.005">
  <properties/>
  <testcase name="one_power_one_is_one" classname="powerfinderTest" time="0.004"/>
  <testcase name="two_power_two_is_four" classname="powerfinderTest" time="0.0"/>
  <testcase name="two_power_is_two" classname="powerfinderTest" time="0.0"/>
  <testcase name="three_power_two_is_six" classname="powerfinderTest" time="0.0"/>
  <system-out><![CDATA[]]></system-out>
  <system-err><![CDATA[]]></system-err>
</testsuite>
